19-Aug-2025 22:06:37.040 INFO [main] org.apache.catalina.startup.VersionLoggerListener.log 서버 버전 이름:    Apache Tomcat/10.1.44
19-Aug-2025 22:06:37.044 INFO [main] org.apache.catalina.startup.VersionLoggerListener.log Server 빌드 시각:  Aug 4 2025 13:14:17 UTC
19-Aug-2025 22:06:37.045 INFO [main] org.apache.catalina.startup.VersionLoggerListener.log Server 버전 번호:  10.1.44.0
19-Aug-2025 22:06:37.045 INFO [main] org.apache.catalina.startup.VersionLoggerListener.log 운영체제 이름:     Windows 11
19-Aug-2025 22:06:37.045 INFO [main] org.apache.catalina.startup.VersionLoggerListener.log 운영체제 버전:     10.0
19-Aug-2025 22:06:37.045 INFO [main] org.apache.catalina.startup.VersionLoggerListener.log 아키텍처:          amd64
19-Aug-2025 22:06:37.046 INFO [main] org.apache.catalina.startup.VersionLoggerListener.log 자바 홈:           C:\Program Files\Java\jdk-17
19-Aug-2025 22:06:37.046 INFO [main] org.apache.catalina.startup.VersionLoggerListener.log JVM 버전:          17.0.11+7-LTS-207
19-Aug-2025 22:06:37.046 INFO [main] org.apache.catalina.startup.VersionLoggerListener.log JVM 벤더:          Oracle Corporation
19-Aug-2025 22:06:37.046 INFO [main] org.apache.catalina.startup.VersionLoggerListener.log CATALINA_BASE:     C:\Users\82104\Desktop\SSAFY\Study\inflearn\tools\apache-tomcat-10.1.44
19-Aug-2025 22:06:37.046 INFO [main] org.apache.catalina.startup.VersionLoggerListener.log CATALINA_HOME:     C:\Users\82104\Desktop\SSAFY\Study\inflearn\tools\apache-tomcat-10.1.44
19-Aug-2025 22:06:37.061 INFO [main] org.apache.catalina.startup.VersionLoggerListener.log 명령 행 아규먼트:  -Djava.util.logging.config.file=C:\Users\82104\Desktop\SSAFY\Study\inflearn\tools\apache-tomcat-10.1.44\conf\logging.properties
19-Aug-2025 22:06:37.062 INFO [main] org.apache.catalina.startup.VersionLoggerListener.log 명령 행 아규먼트:  -Djava.util.logging.manager=org.apache.juli.ClassLoaderLogManager
19-Aug-2025 22:06:37.062 INFO [main] org.apache.catalina.startup.VersionLoggerListener.log 명령 행 아규먼트:  -Djdk.tls.ephemeralDHKeySize=2048
19-Aug-2025 22:06:37.062 INFO [main] org.apache.catalina.startup.VersionLoggerListener.log 명령 행 아규먼트:  -Djava.protocol.handler.pkgs=org.apache.catalina.webresources
19-Aug-2025 22:06:37.063 INFO [main] org.apache.catalina.startup.VersionLoggerListener.log 명령 행 아규먼트:  -Dsun.io.useCanonCaches=false
19-Aug-2025 22:06:37.063 INFO [main] org.apache.catalina.startup.VersionLoggerListener.log 명령 행 아규먼트:  --add-opens=java.base/java.lang=ALL-UNNAMED
19-Aug-2025 22:06:37.063 INFO [main] org.apache.catalina.startup.VersionLoggerListener.log 명령 행 아규먼트:  --add-opens=java.base/java.lang.reflect=ALL-UNNAMED
19-Aug-2025 22:06:37.064 INFO [main] org.apache.catalina.startup.VersionLoggerListener.log 명령 행 아규먼트:  --add-opens=java.base/java.io=ALL-UNNAMED
19-Aug-2025 22:06:37.064 INFO [main] org.apache.catalina.startup.VersionLoggerListener.log 명령 행 아규먼트:  --add-opens=java.base/java.util=ALL-UNNAMED
19-Aug-2025 22:06:37.064 INFO [main] org.apache.catalina.startup.VersionLoggerListener.log 명령 행 아규먼트:  --add-opens=java.base/java.util.concurrent=ALL-UNNAMED
19-Aug-2025 22:06:37.064 INFO [main] org.apache.catalina.startup.VersionLoggerListener.log 명령 행 아규먼트:  --add-opens=java.rmi/sun.rmi.transport=ALL-UNNAMED
19-Aug-2025 22:06:37.064 INFO [main] org.apache.catalina.startup.VersionLoggerListener.log 명령 행 아규먼트:  -Dcatalina.base=C:\Users\82104\Desktop\SSAFY\Study\inflearn\tools\apache-tomcat-10.1.44
19-Aug-2025 22:06:37.065 INFO [main] org.apache.catalina.startup.VersionLoggerListener.log 명령 행 아규먼트:  -Dcatalina.home=C:\Users\82104\Desktop\SSAFY\Study\inflearn\tools\apache-tomcat-10.1.44
19-Aug-2025 22:06:37.065 INFO [main] org.apache.catalina.startup.VersionLoggerListener.log 명령 행 아규먼트:  -Djava.io.tmpdir=C:\Users\82104\Desktop\SSAFY\Study\inflearn\tools\apache-tomcat-10.1.44\temp
19-Aug-2025 22:06:37.089 INFO [main] org.apache.catalina.core.AprLifecycleListener.lifecycleEvent 프로덕션 환경들에서 최적의 성능을 제공하는, APR 기반 Apache Tomcat Native 라이브러리가, 다음 java.library.path에서 발견되지 않습니다: [C:\Program Files\Java\jdk-17\bin;C:\WINDOWS\Sun\Java\bin;C:\WINDOWS\system32;C:\WINDOWS;C:\Program Files\Common Files\Oracle\Java\javapath;C:\Program Files (x86)\Razer Chroma SDK\bin;C:\Program Files\Razer Chroma SDK\bin;C:\Program Files (x86)\Razer\ChromaBroadcast\bin;C:\Program Files\Razer\ChromaBroadcast\bin;C:\WINDOWS\system32;C:\WINDOWS;C:\WINDOWS\System32\Wbem;C:\WINDOWS\System32\WindowsPowerShell\v1.0\;C:\WINDOWS\System32\OpenSSH\;C:\Program Files\Git\cmd;C:\Program Files\Bandizip\;C:\Program Files\nodejs\;C:\Program Files (x86)\Yarn\bin\;C:\Program Files\Java\jdk-17\bin;C:\WINDOWS\system32\config\systemprofile\AppData\Local\Microsoft\WindowsApps;C:\Users\82104\AppData\Local\Programs\Python\Python39\Scripts\;C:\Users\82104\AppData\Local\Programs\Python\Python39\;C:\Users\82104\AppData\Local\Microsoft\WindowsApps;C:\Users\82104\AppData\Local\afreeca;C:\flutter\bin;C:\Users\82104\AppData\Local\Pub\Cache\bin;C:\Program Files\JetBrains\IntelliJ IDEA Community Edition 2023.2.4\bin;C:\Users\82104\IntelliJ IDEA 2023.3\bin;C:\Users\82104\AppData\Roaming\npm;C:\Users\82104\AppData\Local\Yarn\bin;C:\Users\82104\AppData\Local\Programs\Microsoft VS Code\bin;C:\Program Files (x86)\NVIDIA Corporation\PhysX\Common;C:\WINDOWS\system32;C:\WINDOWS;C:\WINDOWS\System32\Wbem;C:\WINDOWS\System32\WindowsPowerShell\v1.0\;C:\WINDOWS\System32\OpenSSH\;C:\Program Files\NVIDIA Corporation\NVIDIA app\NvDLISR;C:\php-8.4.5;C:\Users\82104\AppData\Local\Programs\Python\Python39\Scripts\;C:\Users\82104\AppData\Local\Programs\Python\Python39\;C:\Users\82104\AppData\Local\Microsoft\WindowsApps;C:\Users\82104\AppData\Local\afreeca;C:\flutter\bin;C:\Users\82104\AppData\Local\Pub\Cache\bin;D:\IntelliJ IDEA Community Edition 2024.3.5\bin;;C:\Users\82104\IntelliJ IDEA 2023.3\bin;;C:\Users\82104\AppData\Roaming\npm;C:\Users\82104\AppData\Local\Yarn\bin;C:\Users\82104\AppData\Local\Programs\Microsoft VS Code\bin;C:\Users\82104\AppData\Local\SOOP;;.]
19-Aug-2025 22:06:37.339 INFO [main] org.apache.coyote.AbstractProtocol.init 프로토콜 핸들러 ["http-nio-8080"]을(를) 초기화합니다.
19-Aug-2025 22:06:37.366 INFO [main] org.apache.catalina.startup.Catalina.load [521] 밀리초 내에 서버가 초기화되었습니다.
19-Aug-2025 22:06:37.415 INFO [main] org.apache.catalina.core.StandardService.startInternal 서비스 [Catalina]을(를) 시작합니다.
19-Aug-2025 22:06:37.416 INFO [main] org.apache.catalina.core.StandardEngine.startInternal 서버 엔진을 시작합니다: [Apache Tomcat/10.1.44]
19-Aug-2025 22:06:37.433 INFO [main] org.apache.catalina.startup.HostConfig.deployDirectory 웹 애플리케이션 디렉토리 [C:\Users\82104\Desktop\SSAFY\Study\inflearn\tools\apache-tomcat-10.1.44\webapps\docs]을(를) 배치합니다.
19-Aug-2025 22:06:37.832 INFO [main] org.apache.catalina.startup.HostConfig.deployDirectory 웹 애플리케이션 디렉토리 [C:\Users\82104\Desktop\SSAFY\Study\inflearn\tools\apache-tomcat-10.1.44\webapps\docs]에 대한 배치가 [397] 밀리초에 완료되었습니다.
19-Aug-2025 22:06:37.833 INFO [main] org.apache.catalina.startup.HostConfig.deployDirectory 웹 애플리케이션 디렉토리 [C:\Users\82104\Desktop\SSAFY\Study\inflearn\tools\apache-tomcat-10.1.44\webapps\examples]을(를) 배치합니다.
19-Aug-2025 22:06:38.654 INFO [main] org.apache.catalina.startup.HostConfig.deployDirectory 웹 애플리케이션 디렉토리 [C:\Users\82104\Desktop\SSAFY\Study\inflearn\tools\apache-tomcat-10.1.44\webapps\examples]에 대한 배치가 [821] 밀리초에 완료되었습니다.
19-Aug-2025 22:06:38.655 INFO [main] org.apache.catalina.startup.HostConfig.deployDirectory 웹 애플리케이션 디렉토리 [C:\Users\82104\Desktop\SSAFY\Study\inflearn\tools\apache-tomcat-10.1.44\webapps\host-manager]을(를) 배치합니다.
19-Aug-2025 22:06:38.734 INFO [main] org.apache.catalina.startup.HostConfig.deployDirectory 웹 애플리케이션 디렉토리 [C:\Users\82104\Desktop\SSAFY\Study\inflearn\tools\apache-tomcat-10.1.44\webapps\host-manager]에 대한 배치가 [79] 밀리초에 완료되었습니다.
19-Aug-2025 22:06:38.735 INFO [main] org.apache.catalina.startup.HostConfig.deployDirectory 웹 애플리케이션 디렉토리 [C:\Users\82104\Desktop\SSAFY\Study\inflearn\tools\apache-tomcat-10.1.44\webapps\manager]을(를) 배치합니다.
19-Aug-2025 22:06:38.794 INFO [main] org.apache.catalina.startup.HostConfig.deployDirectory 웹 애플리케이션 디렉토리 [C:\Users\82104\Desktop\SSAFY\Study\inflearn\tools\apache-tomcat-10.1.44\webapps\manager]에 대한 배치가 [59] 밀리초에 완료되었습니다.
19-Aug-2025 22:06:38.795 INFO [main] org.apache.catalina.startup.HostConfig.deployDirectory 웹 애플리케이션 디렉토리 [C:\Users\82104\Desktop\SSAFY\Study\inflearn\tools\apache-tomcat-10.1.44\webapps\ROOT]을(를) 배치합니다.
19-Aug-2025 22:06:38.836 INFO [main] org.apache.catalina.startup.HostConfig.deployDirectory 웹 애플리케이션 디렉토리 [C:\Users\82104\Desktop\SSAFY\Study\inflearn\tools\apache-tomcat-10.1.44\webapps\ROOT]에 대한 배치가 [40] 밀리초에 완료되었습니다.
19-Aug-2025 22:06:38.843 INFO [main] org.apache.coyote.AbstractProtocol.start 프로토콜 핸들러 ["http-nio-8080"]을(를) 시작합니다.
19-Aug-2025 22:06:38.890 INFO [main] org.apache.catalina.startup.Catalina.start 서버가 [1524] 밀리초 내에 시작되었습니다.
19-Aug-2025 22:06:59.121 INFO [Thread-1] org.apache.coyote.AbstractProtocol.pause 프로토콜 핸들러 ["http-nio-8080"]을(를) 일시 정지 중
19-Aug-2025 22:06:59.191 INFO [Thread-1] org.apache.catalina.core.StandardService.stopInternal 서비스 [Catalina]을(를) 중지시킵니다.
19-Aug-2025 22:06:59.210 INFO [Thread-1] org.apache.coyote.AbstractProtocol.stop 프로토콜 핸들러 ["http-nio-8080"]을(를) 중지시킵니다.
19-Aug-2025 22:06:59.221 INFO [Thread-1] org.apache.coyote.AbstractProtocol.destroy 프로토콜 핸들러 ["http-nio-8080"]을(를) 소멸시킵니다.
19-Aug-2025 22:11:16.230 INFO [main] org.apache.catalina.startup.VersionLoggerListener.log 서버 버전 이름:    Apache Tomcat/10.1.44
19-Aug-2025 22:11:16.235 INFO [main] org.apache.catalina.startup.VersionLoggerListener.log Server 빌드 시각:  Aug 4 2025 13:14:17 UTC
19-Aug-2025 22:11:16.236 INFO [main] org.apache.catalina.startup.VersionLoggerListener.log Server 버전 번호:  10.1.44.0
19-Aug-2025 22:11:16.236 INFO [main] org.apache.catalina.startup.VersionLoggerListener.log 운영체제 이름:     Windows 11
19-Aug-2025 22:11:16.236 INFO [main] org.apache.catalina.startup.VersionLoggerListener.log 운영체제 버전:     10.0
19-Aug-2025 22:11:16.236 INFO [main] org.apache.catalina.startup.VersionLoggerListener.log 아키텍처:          amd64
19-Aug-2025 22:11:16.236 INFO [main] org.apache.catalina.startup.VersionLoggerListener.log 자바 홈:           C:\Program Files\Java\jdk-17
19-Aug-2025 22:11:16.237 INFO [main] org.apache.catalina.startup.VersionLoggerListener.log JVM 버전:          17.0.11+7-LTS-207
19-Aug-2025 22:11:16.237 INFO [main] org.apache.catalina.startup.VersionLoggerListener.log JVM 벤더:          Oracle Corporation
19-Aug-2025 22:11:16.237 INFO [main] org.apache.catalina.startup.VersionLoggerListener.log CATALINA_BASE:     C:\Users\82104\Desktop\SSAFY\Study\inflearn\tools\apache-tomcat-10.1.44
19-Aug-2025 22:11:16.237 INFO [main] org.apache.catalina.startup.VersionLoggerListener.log CATALINA_HOME:     C:\Users\82104\Desktop\SSAFY\Study\inflearn\tools\apache-tomcat-10.1.44
19-Aug-2025 22:11:16.249 INFO [main] org.apache.catalina.startup.VersionLoggerListener.log 명령 행 아규먼트:  -Djava.util.logging.config.file=C:\Users\82104\Desktop\SSAFY\Study\inflearn\tools\apache-tomcat-10.1.44\conf\logging.properties
19-Aug-2025 22:11:16.249 INFO [main] org.apache.catalina.startup.VersionLoggerListener.log 명령 행 아규먼트:  -Djava.util.logging.manager=org.apache.juli.ClassLoaderLogManager
19-Aug-2025 22:11:16.249 INFO [main] org.apache.catalina.startup.VersionLoggerListener.log 명령 행 아규먼트:  -Djdk.tls.ephemeralDHKeySize=2048
19-Aug-2025 22:11:16.250 INFO [main] org.apache.catalina.startup.VersionLoggerListener.log 명령 행 아규먼트:  -Djava.protocol.handler.pkgs=org.apache.catalina.webresources
19-Aug-2025 22:11:16.250 INFO [main] org.apache.catalina.startup.VersionLoggerListener.log 명령 행 아규먼트:  -Dsun.io.useCanonCaches=false
19-Aug-2025 22:11:16.250 INFO [main] org.apache.catalina.startup.VersionLoggerListener.log 명령 행 아규먼트:  --add-opens=java.base/java.lang=ALL-UNNAMED
19-Aug-2025 22:11:16.250 INFO [main] org.apache.catalina.startup.VersionLoggerListener.log 명령 행 아규먼트:  --add-opens=java.base/java.lang.reflect=ALL-UNNAMED
19-Aug-2025 22:11:16.250 INFO [main] org.apache.catalina.startup.VersionLoggerListener.log 명령 행 아규먼트:  --add-opens=java.base/java.io=ALL-UNNAMED
19-Aug-2025 22:11:16.250 INFO [main] org.apache.catalina.startup.VersionLoggerListener.log 명령 행 아규먼트:  --add-opens=java.base/java.util=ALL-UNNAMED
19-Aug-2025 22:11:16.251 INFO [main] org.apache.catalina.startup.VersionLoggerListener.log 명령 행 아규먼트:  --add-opens=java.base/java.util.concurrent=ALL-UNNAMED
19-Aug-2025 22:11:16.251 INFO [main] org.apache.catalina.startup.VersionLoggerListener.log 명령 행 아규먼트:  --add-opens=java.rmi/sun.rmi.transport=ALL-UNNAMED
19-Aug-2025 22:11:16.251 INFO [main] org.apache.catalina.startup.VersionLoggerListener.log 명령 행 아규먼트:  -Dcatalina.base=C:\Users\82104\Desktop\SSAFY\Study\inflearn\tools\apache-tomcat-10.1.44
19-Aug-2025 22:11:16.251 INFO [main] org.apache.catalina.startup.VersionLoggerListener.log 명령 행 아규먼트:  -Dcatalina.home=C:\Users\82104\Desktop\SSAFY\Study\inflearn\tools\apache-tomcat-10.1.44
19-Aug-2025 22:11:16.251 INFO [main] org.apache.catalina.startup.VersionLoggerListener.log 명령 행 아규먼트:  -Djava.io.tmpdir=C:\Users\82104\Desktop\SSAFY\Study\inflearn\tools\apache-tomcat-10.1.44\temp
19-Aug-2025 22:11:16.282 INFO [main] org.apache.catalina.core.AprLifecycleListener.lifecycleEvent 프로덕션 환경들에서 최적의 성능을 제공하는, APR 기반 Apache Tomcat Native 라이브러리가, 다음 java.library.path에서 발견되지 않습니다: [C:\Program Files\Java\jdk-17\bin;C:\WINDOWS\Sun\Java\bin;C:\WINDOWS\system32;C:\WINDOWS;C:\Program Files\Common Files\Oracle\Java\javapath;C:\Program Files (x86)\Razer Chroma SDK\bin;C:\Program Files\Razer Chroma SDK\bin;C:\Program Files (x86)\Razer\ChromaBroadcast\bin;C:\Program Files\Razer\ChromaBroadcast\bin;C:\WINDOWS\system32;C:\WINDOWS;C:\WINDOWS\System32\Wbem;C:\WINDOWS\System32\WindowsPowerShell\v1.0\;C:\WINDOWS\System32\OpenSSH\;C:\Program Files\Git\cmd;C:\Program Files\Bandizip\;C:\Program Files\nodejs\;C:\Program Files (x86)\Yarn\bin\;C:\Program Files\Java\jdk-17\bin;C:\WINDOWS\system32\config\systemprofile\AppData\Local\Microsoft\WindowsApps;C:\Users\82104\AppData\Local\Programs\Python\Python39\Scripts\;C:\Users\82104\AppData\Local\Programs\Python\Python39\;C:\Users\82104\AppData\Local\Microsoft\WindowsApps;C:\Users\82104\AppData\Local\afreeca;C:\flutter\bin;C:\Users\82104\AppData\Local\Pub\Cache\bin;C:\Program Files\JetBrains\IntelliJ IDEA Community Edition 2023.2.4\bin;C:\Users\82104\IntelliJ IDEA 2023.3\bin;C:\Users\82104\AppData\Roaming\npm;C:\Users\82104\AppData\Local\Yarn\bin;C:\Users\82104\AppData\Local\Programs\Microsoft VS Code\bin;C:\Program Files (x86)\NVIDIA Corporation\PhysX\Common;C:\WINDOWS\system32;C:\WINDOWS;C:\WINDOWS\System32\Wbem;C:\WINDOWS\System32\WindowsPowerShell\v1.0\;C:\WINDOWS\System32\OpenSSH\;C:\Program Files\NVIDIA Corporation\NVIDIA app\NvDLISR;C:\php-8.4.5;C:\Users\82104\AppData\Local\Programs\Python\Python39\Scripts\;C:\Users\82104\AppData\Local\Programs\Python\Python39\;C:\Users\82104\AppData\Local\Microsoft\WindowsApps;C:\Users\82104\AppData\Local\afreeca;C:\flutter\bin;C:\Users\82104\AppData\Local\Pub\Cache\bin;D:\IntelliJ IDEA Community Edition 2024.3.5\bin;;C:\Users\82104\IntelliJ IDEA 2023.3\bin;;C:\Users\82104\AppData\Roaming\npm;C:\Users\82104\AppData\Local\Yarn\bin;C:\Users\82104\AppData\Local\Programs\Microsoft VS Code\bin;C:\Users\82104\AppData\Local\SOOP;;.]
19-Aug-2025 22:11:16.563 INFO [main] org.apache.coyote.AbstractProtocol.init 프로토콜 핸들러 ["http-nio-8080"]을(를) 초기화합니다.
19-Aug-2025 22:11:16.594 INFO [main] org.apache.catalina.startup.Catalina.load [607] 밀리초 내에 서버가 초기화되었습니다.
19-Aug-2025 22:11:16.659 INFO [main] org.apache.catalina.core.StandardService.startInternal 서비스 [Catalina]을(를) 시작합니다.
19-Aug-2025 22:11:16.659 INFO [main] org.apache.catalina.core.StandardEngine.startInternal 서버 엔진을 시작합니다: [Apache Tomcat/10.1.44]
19-Aug-2025 22:11:16.676 INFO [main] org.apache.catalina.startup.HostConfig.deployDirectory 웹 애플리케이션 디렉토리 [C:\Users\82104\Desktop\SSAFY\Study\inflearn\tools\apache-tomcat-10.1.44\webapps\docs]을(를) 배치합니다.
19-Aug-2025 22:11:17.132 INFO [main] org.apache.catalina.startup.HostConfig.deployDirectory 웹 애플리케이션 디렉토리 [C:\Users\82104\Desktop\SSAFY\Study\inflearn\tools\apache-tomcat-10.1.44\webapps\docs]에 대한 배치가 [453] 밀리초에 완료되었습니다.
19-Aug-2025 22:11:17.132 INFO [main] org.apache.catalina.startup.HostConfig.deployDirectory 웹 애플리케이션 디렉토리 [C:\Users\82104\Desktop\SSAFY\Study\inflearn\tools\apache-tomcat-10.1.44\webapps\examples]을(를) 배치합니다.
19-Aug-2025 22:11:17.860 INFO [main] org.apache.catalina.startup.HostConfig.deployDirectory 웹 애플리케이션 디렉토리 [C:\Users\82104\Desktop\SSAFY\Study\inflearn\tools\apache-tomcat-10.1.44\webapps\examples]에 대한 배치가 [728] 밀리초에 완료되었습니다.
19-Aug-2025 22:11:17.861 INFO [main] org.apache.catalina.startup.HostConfig.deployDirectory 웹 애플리케이션 디렉토리 [C:\Users\82104\Desktop\SSAFY\Study\inflearn\tools\apache-tomcat-10.1.44\webapps\host-manager]을(를) 배치합니다.
19-Aug-2025 22:11:17.925 INFO [main] org.apache.catalina.startup.HostConfig.deployDirectory 웹 애플리케이션 디렉토리 [C:\Users\82104\Desktop\SSAFY\Study\inflearn\tools\apache-tomcat-10.1.44\webapps\host-manager]에 대한 배치가 [63] 밀리초에 완료되었습니다.
19-Aug-2025 22:11:17.926 INFO [main] org.apache.catalina.startup.HostConfig.deployDirectory 웹 애플리케이션 디렉토리 [C:\Users\82104\Desktop\SSAFY\Study\inflearn\tools\apache-tomcat-10.1.44\webapps\manager]을(를) 배치합니다.
19-Aug-2025 22:11:17.985 INFO [main] org.apache.catalina.startup.HostConfig.deployDirectory 웹 애플리케이션 디렉토리 [C:\Users\82104\Desktop\SSAFY\Study\inflearn\tools\apache-tomcat-10.1.44\webapps\manager]에 대한 배치가 [60] 밀리초에 완료되었습니다.
19-Aug-2025 22:11:17.986 INFO [main] org.apache.catalina.startup.HostConfig.deployDirectory 웹 애플리케이션 디렉토리 [C:\Users\82104\Desktop\SSAFY\Study\inflearn\tools\apache-tomcat-10.1.44\webapps\ROOT]을(를) 배치합니다.
19-Aug-2025 22:11:18.030 INFO [main] org.apache.catalina.startup.HostConfig.deployDirectory 웹 애플리케이션 디렉토리 [C:\Users\82104\Desktop\SSAFY\Study\inflearn\tools\apache-tomcat-10.1.44\webapps\ROOT]에 대한 배치가 [44] 밀리초에 완료되었습니다.
19-Aug-2025 22:11:18.038 INFO [main] org.apache.coyote.AbstractProtocol.start 프로토콜 핸들러 ["http-nio-8080"]을(를) 시작합니다.
19-Aug-2025 22:11:18.100 INFO [main] org.apache.catalina.startup.Catalina.start 서버가 [1504] 밀리초 내에 시작되었습니다.
19-Aug-2025 22:11:18.633 INFO [Thread-1] org.apache.coyote.AbstractProtocol.pause 프로토콜 핸들러 ["http-nio-8080"]을(를) 일시 정지 중
19-Aug-2025 22:11:18.711 INFO [Thread-1] org.apache.catalina.core.StandardService.stopInternal 서비스 [Catalina]을(를) 중지시킵니다.
19-Aug-2025 22:11:18.735 INFO [Thread-1] org.apache.coyote.AbstractProtocol.stop 프로토콜 핸들러 ["http-nio-8080"]을(를) 중지시킵니다.
19-Aug-2025 22:11:18.749 INFO [Thread-1] org.apache.coyote.AbstractProtocol.destroy 프로토콜 핸들러 ["http-nio-8080"]을(를) 소멸시킵니다.
19-Aug-2025 22:11:37.790 INFO [main] org.apache.catalina.startup.VersionLoggerListener.log 서버 버전 이름:    Apache Tomcat/10.1.44
19-Aug-2025 22:11:37.796 INFO [main] org.apache.catalina.startup.VersionLoggerListener.log Server 빌드 시각:  Aug 4 2025 13:14:17 UTC
19-Aug-2025 22:11:37.797 INFO [main] org.apache.catalina.startup.VersionLoggerListener.log Server 버전 번호:  10.1.44.0
19-Aug-2025 22:11:37.797 INFO [main] org.apache.catalina.startup.VersionLoggerListener.log 운영체제 이름:     Windows 11
19-Aug-2025 22:11:37.797 INFO [main] org.apache.catalina.startup.VersionLoggerListener.log 운영체제 버전:     10.0
19-Aug-2025 22:11:37.798 INFO [main] org.apache.catalina.startup.VersionLoggerListener.log 아키텍처:          amd64
19-Aug-2025 22:11:37.798 INFO [main] org.apache.catalina.startup.VersionLoggerListener.log 자바 홈:           C:\Program Files\Java\jdk-17
19-Aug-2025 22:11:37.798 INFO [main] org.apache.catalina.startup.VersionLoggerListener.log JVM 버전:          17.0.11+7-LTS-207
19-Aug-2025 22:11:37.799 INFO [main] org.apache.catalina.startup.VersionLoggerListener.log JVM 벤더:          Oracle Corporation
19-Aug-2025 22:11:37.799 INFO [main] org.apache.catalina.startup.VersionLoggerListener.log CATALINA_BASE:     C:\Users\82104\Desktop\SSAFY\Study\inflearn\tools\apache-tomcat-10.1.44
19-Aug-2025 22:11:37.799 INFO [main] org.apache.catalina.startup.VersionLoggerListener.log CATALINA_HOME:     C:\Users\82104\Desktop\SSAFY\Study\inflearn\tools\apache-tomcat-10.1.44
19-Aug-2025 22:11:37.814 INFO [main] org.apache.catalina.startup.VersionLoggerListener.log 명령 행 아규먼트:  -Djava.util.logging.config.file=C:\Users\82104\Desktop\SSAFY\Study\inflearn\tools\apache-tomcat-10.1.44\conf\logging.properties
19-Aug-2025 22:11:37.814 INFO [main] org.apache.catalina.startup.VersionLoggerListener.log 명령 행 아규먼트:  -Djava.util.logging.manager=org.apache.juli.ClassLoaderLogManager
19-Aug-2025 22:11:37.815 INFO [main] org.apache.catalina.startup.VersionLoggerListener.log 명령 행 아규먼트:  -Djdk.tls.ephemeralDHKeySize=2048
19-Aug-2025 22:11:37.815 INFO [main] org.apache.catalina.startup.VersionLoggerListener.log 명령 행 아규먼트:  -Djava.protocol.handler.pkgs=org.apache.catalina.webresources
19-Aug-2025 22:11:37.816 INFO [main] org.apache.catalina.startup.VersionLoggerListener.log 명령 행 아규먼트:  -Dsun.io.useCanonCaches=false
19-Aug-2025 22:11:37.816 INFO [main] org.apache.catalina.startup.VersionLoggerListener.log 명령 행 아규먼트:  --add-opens=java.base/java.lang=ALL-UNNAMED
19-Aug-2025 22:11:37.816 INFO [main] org.apache.catalina.startup.VersionLoggerListener.log 명령 행 아규먼트:  --add-opens=java.base/java.lang.reflect=ALL-UNNAMED
19-Aug-2025 22:11:37.817 INFO [main] org.apache.catalina.startup.VersionLoggerListener.log 명령 행 아규먼트:  --add-opens=java.base/java.io=ALL-UNNAMED
19-Aug-2025 22:11:37.817 INFO [main] org.apache.catalina.startup.VersionLoggerListener.log 명령 행 아규먼트:  --add-opens=java.base/java.util=ALL-UNNAMED
19-Aug-2025 22:11:37.817 INFO [main] org.apache.catalina.startup.VersionLoggerListener.log 명령 행 아규먼트:  --add-opens=java.base/java.util.concurrent=ALL-UNNAMED
19-Aug-2025 22:11:37.817 INFO [main] org.apache.catalina.startup.VersionLoggerListener.log 명령 행 아규먼트:  --add-opens=java.rmi/sun.rmi.transport=ALL-UNNAMED
19-Aug-2025 22:11:37.818 INFO [main] org.apache.catalina.startup.VersionLoggerListener.log 명령 행 아규먼트:  -Dcatalina.base=C:\Users\82104\Desktop\SSAFY\Study\inflearn\tools\apache-tomcat-10.1.44
19-Aug-2025 22:11:37.818 INFO [main] org.apache.catalina.startup.VersionLoggerListener.log 명령 행 아규먼트:  -Dcatalina.home=C:\Users\82104\Desktop\SSAFY\Study\inflearn\tools\apache-tomcat-10.1.44
19-Aug-2025 22:11:37.818 INFO [main] org.apache.catalina.startup.VersionLoggerListener.log 명령 행 아규먼트:  -Djava.io.tmpdir=C:\Users\82104\Desktop\SSAFY\Study\inflearn\tools\apache-tomcat-10.1.44\temp
19-Aug-2025 22:11:37.847 INFO [main] org.apache.catalina.core.AprLifecycleListener.lifecycleEvent 프로덕션 환경들에서 최적의 성능을 제공하는, APR 기반 Apache Tomcat Native 라이브러리가, 다음 java.library.path에서 발견되지 않습니다: [C:\Program Files\Java\jdk-17\bin;C:\WINDOWS\Sun\Java\bin;C:\WINDOWS\system32;C:\WINDOWS;C:\Program Files\Common Files\Oracle\Java\javapath;C:\Program Files (x86)\Razer Chroma SDK\bin;C:\Program Files\Razer Chroma SDK\bin;C:\Program Files (x86)\Razer\ChromaBroadcast\bin;C:\Program Files\Razer\ChromaBroadcast\bin;C:\WINDOWS\system32;C:\WINDOWS;C:\WINDOWS\System32\Wbem;C:\WINDOWS\System32\WindowsPowerShell\v1.0\;C:\WINDOWS\System32\OpenSSH\;C:\Program Files\Git\cmd;C:\Program Files\Bandizip\;C:\Program Files\nodejs\;C:\Program Files (x86)\Yarn\bin\;C:\Program Files\Java\jdk-17\bin;C:\WINDOWS\system32\config\systemprofile\AppData\Local\Microsoft\WindowsApps;C:\Users\82104\AppData\Local\Programs\Python\Python39\Scripts\;C:\Users\82104\AppData\Local\Programs\Python\Python39\;C:\Users\82104\AppData\Local\Microsoft\WindowsApps;C:\Users\82104\AppData\Local\afreeca;C:\flutter\bin;C:\Users\82104\AppData\Local\Pub\Cache\bin;C:\Program Files\JetBrains\IntelliJ IDEA Community Edition 2023.2.4\bin;C:\Users\82104\IntelliJ IDEA 2023.3\bin;C:\Users\82104\AppData\Roaming\npm;C:\Users\82104\AppData\Local\Yarn\bin;C:\Users\82104\AppData\Local\Programs\Microsoft VS Code\bin;C:\Program Files (x86)\NVIDIA Corporation\PhysX\Common;C:\WINDOWS\system32;C:\WINDOWS;C:\WINDOWS\System32\Wbem;C:\WINDOWS\System32\WindowsPowerShell\v1.0\;C:\WINDOWS\System32\OpenSSH\;C:\Program Files\NVIDIA Corporation\NVIDIA app\NvDLISR;C:\php-8.4.5;C:\Users\82104\AppData\Local\Programs\Python\Python39\Scripts\;C:\Users\82104\AppData\Local\Programs\Python\Python39\;C:\Users\82104\AppData\Local\Microsoft\WindowsApps;C:\Users\82104\AppData\Local\afreeca;C:\flutter\bin;C:\Users\82104\AppData\Local\Pub\Cache\bin;D:\IntelliJ IDEA Community Edition 2024.3.5\bin;;C:\Users\82104\IntelliJ IDEA 2023.3\bin;;C:\Users\82104\AppData\Roaming\npm;C:\Users\82104\AppData\Local\Yarn\bin;C:\Users\82104\AppData\Local\Programs\Microsoft VS Code\bin;C:\Users\82104\AppData\Local\SOOP;;.]
19-Aug-2025 22:11:38.131 INFO [main] org.apache.coyote.AbstractProtocol.init 프로토콜 핸들러 ["http-nio-8080"]을(를) 초기화합니다.
19-Aug-2025 22:11:38.161 INFO [main] org.apache.catalina.startup.Catalina.load [601] 밀리초 내에 서버가 초기화되었습니다.
19-Aug-2025 22:11:38.222 INFO [main] org.apache.catalina.core.StandardService.startInternal 서비스 [Catalina]을(를) 시작합니다.
19-Aug-2025 22:11:38.223 INFO [main] org.apache.catalina.core.StandardEngine.startInternal 서버 엔진을 시작합니다: [Apache Tomcat/10.1.44]
19-Aug-2025 22:11:38.241 INFO [main] org.apache.catalina.startup.HostConfig.deployDirectory 웹 애플리케이션 디렉토리 [C:\Users\82104\Desktop\SSAFY\Study\inflearn\tools\apache-tomcat-10.1.44\webapps\docs]을(를) 배치합니다.
19-Aug-2025 22:11:38.733 INFO [main] org.apache.catalina.startup.HostConfig.deployDirectory 웹 애플리케이션 디렉토리 [C:\Users\82104\Desktop\SSAFY\Study\inflearn\tools\apache-tomcat-10.1.44\webapps\docs]에 대한 배치가 [489] 밀리초에 완료되었습니다.
19-Aug-2025 22:11:38.734 INFO [main] org.apache.catalina.startup.HostConfig.deployDirectory 웹 애플리케이션 디렉토리 [C:\Users\82104\Desktop\SSAFY\Study\inflearn\tools\apache-tomcat-10.1.44\webapps\examples]을(를) 배치합니다.
19-Aug-2025 22:11:39.496 INFO [main] org.apache.catalina.startup.HostConfig.deployDirectory 웹 애플리케이션 디렉토리 [C:\Users\82104\Desktop\SSAFY\Study\inflearn\tools\apache-tomcat-10.1.44\webapps\examples]에 대한 배치가 [763] 밀리초에 완료되었습니다.
19-Aug-2025 22:11:39.497 INFO [main] org.apache.catalina.startup.HostConfig.deployDirectory 웹 애플리케이션 디렉토리 [C:\Users\82104\Desktop\SSAFY\Study\inflearn\tools\apache-tomcat-10.1.44\webapps\host-manager]을(를) 배치합니다.
19-Aug-2025 22:11:39.559 INFO [main] org.apache.catalina.startup.HostConfig.deployDirectory 웹 애플리케이션 디렉토리 [C:\Users\82104\Desktop\SSAFY\Study\inflearn\tools\apache-tomcat-10.1.44\webapps\host-manager]에 대한 배치가 [61] 밀리초에 완료되었습니다.
19-Aug-2025 22:11:39.559 INFO [main] org.apache.catalina.startup.HostConfig.deployDirectory 웹 애플리케이션 디렉토리 [C:\Users\82104\Desktop\SSAFY\Study\inflearn\tools\apache-tomcat-10.1.44\webapps\manager]을(를) 배치합니다.
19-Aug-2025 22:11:39.616 INFO [main] org.apache.catalina.startup.HostConfig.deployDirectory 웹 애플리케이션 디렉토리 [C:\Users\82104\Desktop\SSAFY\Study\inflearn\tools\apache-tomcat-10.1.44\webapps\manager]에 대한 배치가 [56] 밀리초에 완료되었습니다.
19-Aug-2025 22:11:39.616 INFO [main] org.apache.catalina.startup.HostConfig.deployDirectory 웹 애플리케이션 디렉토리 [C:\Users\82104\Desktop\SSAFY\Study\inflearn\tools\apache-tomcat-10.1.44\webapps\ROOT]을(를) 배치합니다.
19-Aug-2025 22:11:39.662 INFO [main] org.apache.catalina.startup.HostConfig.deployDirectory 웹 애플리케이션 디렉토리 [C:\Users\82104\Desktop\SSAFY\Study\inflearn\tools\apache-tomcat-10.1.44\webapps\ROOT]에 대한 배치가 [46] 밀리초에 완료되었습니다.
19-Aug-2025 22:11:39.668 INFO [main] org.apache.coyote.AbstractProtocol.start 프로토콜 핸들러 ["http-nio-8080"]을(를) 시작합니다.
19-Aug-2025 22:11:39.715 INFO [main] org.apache.catalina.startup.Catalina.start 서버가 [1553] 밀리초 내에 시작되었습니다.
19-Aug-2025 22:12:03.751 INFO [Thread-1] org.apache.coyote.AbstractProtocol.pause 프로토콜 핸들러 ["http-nio-8080"]을(를) 일시 정지 중
19-Aug-2025 22:12:03.830 INFO [Thread-1] org.apache.catalina.core.StandardService.stopInternal 서비스 [Catalina]을(를) 중지시킵니다.
19-Aug-2025 22:12:03.849 INFO [Thread-1] org.apache.coyote.AbstractProtocol.stop 프로토콜 핸들러 ["http-nio-8080"]을(를) 중지시킵니다.
19-Aug-2025 22:12:03.872 INFO [Thread-1] org.apache.coyote.AbstractProtocol.destroy 프로토콜 핸들러 ["http-nio-8080"]을(를) 소멸시킵니다.
19-Aug-2025 22:15:25.164 INFO [main] org.apache.catalina.startup.VersionLoggerListener.log 서버 버전 이름:    Apache Tomcat/10.1.44
19-Aug-2025 22:15:25.169 INFO [main] org.apache.catalina.startup.VersionLoggerListener.log Server 빌드 시각:  Aug 4 2025 13:14:17 UTC
19-Aug-2025 22:15:25.170 INFO [main] org.apache.catalina.startup.VersionLoggerListener.log Server 버전 번호:  10.1.44.0
19-Aug-2025 22:15:25.170 INFO [main] org.apache.catalina.startup.VersionLoggerListener.log 운영체제 이름:     Windows 11
19-Aug-2025 22:15:25.170 INFO [main] org.apache.catalina.startup.VersionLoggerListener.log 운영체제 버전:     10.0
19-Aug-2025 22:15:25.171 INFO [main] org.apache.catalina.startup.VersionLoggerListener.log 아키텍처:          amd64
19-Aug-2025 22:15:25.171 INFO [main] org.apache.catalina.startup.VersionLoggerListener.log 자바 홈:           C:\Program Files\Java\jdk-17
19-Aug-2025 22:15:25.171 INFO [main] org.apache.catalina.startup.VersionLoggerListener.log JVM 버전:          17.0.11+7-LTS-207
19-Aug-2025 22:15:25.171 INFO [main] org.apache.catalina.startup.VersionLoggerListener.log JVM 벤더:          Oracle Corporation
19-Aug-2025 22:15:25.171 INFO [main] org.apache.catalina.startup.VersionLoggerListener.log CATALINA_BASE:     C:\Users\82104\Desktop\SSAFY\Study\inflearn\tools\apache-tomcat-10.1.44
19-Aug-2025 22:15:25.172 INFO [main] org.apache.catalina.startup.VersionLoggerListener.log CATALINA_HOME:     C:\Users\82104\Desktop\SSAFY\Study\inflearn\tools\apache-tomcat-10.1.44
19-Aug-2025 22:15:25.184 INFO [main] org.apache.catalina.startup.VersionLoggerListener.log 명령 행 아규먼트:  -Djava.util.logging.config.file=C:\Users\82104\Desktop\SSAFY\Study\inflearn\tools\apache-tomcat-10.1.44\conf\logging.properties
19-Aug-2025 22:15:25.184 INFO [main] org.apache.catalina.startup.VersionLoggerListener.log 명령 행 아규먼트:  -Djava.util.logging.manager=org.apache.juli.ClassLoaderLogManager
19-Aug-2025 22:15:25.184 INFO [main] org.apache.catalina.startup.VersionLoggerListener.log 명령 행 아규먼트:  -Djdk.tls.ephemeralDHKeySize=2048
19-Aug-2025 22:15:25.185 INFO [main] org.apache.catalina.startup.VersionLoggerListener.log 명령 행 아규먼트:  -Dfile.encoding=utf-8
19-Aug-2025 22:15:25.185 INFO [main] org.apache.catalina.startup.VersionLoggerListener.log 명령 행 아규먼트:  -Djava.protocol.handler.pkgs=org.apache.catalina.webresources
19-Aug-2025 22:15:25.185 INFO [main] org.apache.catalina.startup.VersionLoggerListener.log 명령 행 아규먼트:  -Dsun.io.useCanonCaches=false
19-Aug-2025 22:15:25.185 INFO [main] org.apache.catalina.startup.VersionLoggerListener.log 명령 행 아규먼트:  --add-opens=java.base/java.lang=ALL-UNNAMED
19-Aug-2025 22:15:25.186 INFO [main] org.apache.catalina.startup.VersionLoggerListener.log 명령 행 아규먼트:  --add-opens=java.base/java.lang.reflect=ALL-UNNAMED
19-Aug-2025 22:15:25.186 INFO [main] org.apache.catalina.startup.VersionLoggerListener.log 명령 행 아규먼트:  --add-opens=java.base/java.io=ALL-UNNAMED
19-Aug-2025 22:15:25.186 INFO [main] org.apache.catalina.startup.VersionLoggerListener.log 명령 행 아규먼트:  --add-opens=java.base/java.util=ALL-UNNAMED
19-Aug-2025 22:15:25.186 INFO [main] org.apache.catalina.startup.VersionLoggerListener.log 명령 행 아규먼트:  --add-opens=java.base/java.util.concurrent=ALL-UNNAMED
19-Aug-2025 22:15:25.187 INFO [main] org.apache.catalina.startup.VersionLoggerListener.log 명령 행 아규먼트:  --add-opens=java.rmi/sun.rmi.transport=ALL-UNNAMED
19-Aug-2025 22:15:25.187 INFO [main] org.apache.catalina.startup.VersionLoggerListener.log 명령 행 아규먼트:  -Dcatalina.base=C:\Users\82104\Desktop\SSAFY\Study\inflearn\tools\apache-tomcat-10.1.44
19-Aug-2025 22:15:25.187 INFO [main] org.apache.catalina.startup.VersionLoggerListener.log 명령 행 아규먼트:  -Dcatalina.home=C:\Users\82104\Desktop\SSAFY\Study\inflearn\tools\apache-tomcat-10.1.44
19-Aug-2025 22:15:25.187 INFO [main] org.apache.catalina.startup.VersionLoggerListener.log 명령 행 아규먼트:  -Djava.io.tmpdir=C:\Users\82104\Desktop\SSAFY\Study\inflearn\tools\apache-tomcat-10.1.44\temp
19-Aug-2025 22:15:25.213 INFO [main] org.apache.catalina.core.AprLifecycleListener.lifecycleEvent 프로덕션 환경들에서 최적의 성능을 제공하는, APR 기반 Apache Tomcat Native 라이브러리가, 다음 java.library.path에서 발견되지 않습니다: [C:\Program Files\Java\jdk-17\bin;C:\WINDOWS\Sun\Java\bin;C:\WINDOWS\system32;C:\WINDOWS;C:\Program Files\Common Files\Oracle\Java\javapath;C:\Program Files (x86)\Razer Chroma SDK\bin;C:\Program Files\Razer Chroma SDK\bin;C:\Program Files (x86)\Razer\ChromaBroadcast\bin;C:\Program Files\Razer\ChromaBroadcast\bin;C:\WINDOWS\system32;C:\WINDOWS;C:\WINDOWS\System32\Wbem;C:\WINDOWS\System32\WindowsPowerShell\v1.0\;C:\WINDOWS\System32\OpenSSH\;C:\Program Files\Git\cmd;C:\Program Files\Bandizip\;C:\Program Files\nodejs\;C:\Program Files (x86)\Yarn\bin\;C:\Program Files\Java\jdk-17\bin;C:\WINDOWS\system32\config\systemprofile\AppData\Local\Microsoft\WindowsApps;C:\Users\82104\AppData\Local\Programs\Python\Python39\Scripts\;C:\Users\82104\AppData\Local\Programs\Python\Python39\;C:\Users\82104\AppData\Local\Microsoft\WindowsApps;C:\Users\82104\AppData\Local\afreeca;C:\flutter\bin;C:\Users\82104\AppData\Local\Pub\Cache\bin;C:\Program Files\JetBrains\IntelliJ IDEA Community Edition 2023.2.4\bin;C:\Users\82104\IntelliJ IDEA 2023.3\bin;C:\Users\82104\AppData\Roaming\npm;C:\Users\82104\AppData\Local\Yarn\bin;C:\Users\82104\AppData\Local\Programs\Microsoft VS Code\bin;C:\Program Files (x86)\NVIDIA Corporation\PhysX\Common;C:\WINDOWS\system32;C:\WINDOWS;C:\WINDOWS\System32\Wbem;C:\WINDOWS\System32\WindowsPowerShell\v1.0\;C:\WINDOWS\System32\OpenSSH\;C:\Program Files\NVIDIA Corporation\NVIDIA app\NvDLISR;C:\php-8.4.5;C:\Users\82104\AppData\Local\Programs\Python\Python39\Scripts\;C:\Users\82104\AppData\Local\Programs\Python\Python39\;C:\Users\82104\AppData\Local\Microsoft\WindowsApps;C:\Users\82104\AppData\Local\afreeca;C:\flutter\bin;C:\Users\82104\AppData\Local\Pub\Cache\bin;D:\IntelliJ IDEA Community Edition 2024.3.5\bin;;C:\Users\82104\IntelliJ IDEA 2023.3\bin;;C:\Users\82104\AppData\Roaming\npm;C:\Users\82104\AppData\Local\Yarn\bin;C:\Users\82104\AppData\Local\Programs\Microsoft VS Code\bin;C:\Users\82104\AppData\Local\SOOP;;.]
19-Aug-2025 22:15:25.488 INFO [main] org.apache.coyote.AbstractProtocol.init 프로토콜 핸들러 ["http-nio-8080"]을(를) 초기화합니다.
19-Aug-2025 22:15:25.521 INFO [main] org.apache.catalina.startup.Catalina.load [596] 밀리초 내에 서버가 초기화되었습니다.
19-Aug-2025 22:15:25.582 INFO [main] org.apache.catalina.core.StandardService.startInternal 서비스 [Catalina]을(를) 시작합니다.
19-Aug-2025 22:15:25.583 INFO [main] org.apache.catalina.core.StandardEngine.startInternal 서버 엔진을 시작합니다: [Apache Tomcat/10.1.44]
19-Aug-2025 22:15:25.605 INFO [main] org.apache.catalina.startup.HostConfig.deployDirectory 웹 애플리케이션 디렉토리 [C:\Users\82104\Desktop\SSAFY\Study\inflearn\tools\apache-tomcat-10.1.44\webapps\docs]을(를) 배치합니다.
19-Aug-2025 22:15:26.104 INFO [main] org.apache.catalina.startup.HostConfig.deployDirectory 웹 애플리케이션 디렉토리 [C:\Users\82104\Desktop\SSAFY\Study\inflearn\tools\apache-tomcat-10.1.44\webapps\docs]에 대한 배치가 [498] 밀리초에 완료되었습니다.
19-Aug-2025 22:15:26.104 INFO [main] org.apache.catalina.startup.HostConfig.deployDirectory 웹 애플리케이션 디렉토리 [C:\Users\82104\Desktop\SSAFY\Study\inflearn\tools\apache-tomcat-10.1.44\webapps\examples]을(를) 배치합니다.
19-Aug-2025 22:15:26.790 INFO [main] org.apache.catalina.startup.HostConfig.deployDirectory 웹 애플리케이션 디렉토리 [C:\Users\82104\Desktop\SSAFY\Study\inflearn\tools\apache-tomcat-10.1.44\webapps\examples]에 대한 배치가 [686] 밀리초에 완료되었습니다.
19-Aug-2025 22:15:26.791 INFO [main] org.apache.catalina.startup.HostConfig.deployDirectory 웹 애플리케이션 디렉토리 [C:\Users\82104\Desktop\SSAFY\Study\inflearn\tools\apache-tomcat-10.1.44\webapps\host-manager]을(를) 배치합니다.
19-Aug-2025 22:15:26.855 INFO [main] org.apache.catalina.startup.HostConfig.deployDirectory 웹 애플리케이션 디렉토리 [C:\Users\82104\Desktop\SSAFY\Study\inflearn\tools\apache-tomcat-10.1.44\webapps\host-manager]에 대한 배치가 [64] 밀리초에 완료되었습니다.
19-Aug-2025 22:15:26.855 INFO [main] org.apache.catalina.startup.HostConfig.deployDirectory 웹 애플리케이션 디렉토리 [C:\Users\82104\Desktop\SSAFY\Study\inflearn\tools\apache-tomcat-10.1.44\webapps\manager]을(를) 배치합니다.
19-Aug-2025 22:15:26.908 INFO [main] org.apache.catalina.startup.HostConfig.deployDirectory 웹 애플리케이션 디렉토리 [C:\Users\82104\Desktop\SSAFY\Study\inflearn\tools\apache-tomcat-10.1.44\webapps\manager]에 대한 배치가 [53] 밀리초에 완료되었습니다.
19-Aug-2025 22:15:26.909 INFO [main] org.apache.catalina.startup.HostConfig.deployDirectory 웹 애플리케이션 디렉토리 [C:\Users\82104\Desktop\SSAFY\Study\inflearn\tools\apache-tomcat-10.1.44\webapps\ROOT]을(를) 배치합니다.
19-Aug-2025 22:15:26.952 INFO [main] org.apache.catalina.startup.HostConfig.deployDirectory 웹 애플리케이션 디렉토리 [C:\Users\82104\Desktop\SSAFY\Study\inflearn\tools\apache-tomcat-10.1.44\webapps\ROOT]에 대한 배치가 [42] 밀리초에 완료되었습니다.
19-Aug-2025 22:15:26.958 INFO [main] org.apache.coyote.AbstractProtocol.start 프로토콜 핸들러 ["http-nio-8080"]을(를) 시작합니다.
19-Aug-2025 22:15:27.006 INFO [main] org.apache.catalina.startup.Catalina.start 서버가 [1483] 밀리초 내에 시작되었습니다.
19-Aug-2025 22:17:03.660 INFO [Thread-1] org.apache.coyote.AbstractProtocol.pause 프로토콜 핸들러 ["http-nio-8080"]을(를) 일시 정지 중
19-Aug-2025 22:17:03.735 INFO [Thread-1] org.apache.catalina.core.StandardService.stopInternal 서비스 [Catalina]을(를) 중지시킵니다.
19-Aug-2025 22:17:03.754 INFO [Thread-1] org.apache.coyote.AbstractProtocol.stop 프로토콜 핸들러 ["http-nio-8080"]을(를) 중지시킵니다.
19-Aug-2025 22:17:03.775 INFO [Thread-1] org.apache.coyote.AbstractProtocol.destroy 프로토콜 핸들러 ["http-nio-8080"]을(를) 소멸시킵니다.
