19-Aug-2025 22:06:38.628 INFO [main] org.apache.catalina.core.ApplicationContext.log ContextListener: contextInitialized()
19-Aug-2025 22:06:38.628 INFO [main] org.apache.catalina.core.ApplicationContext.log SessionListener: contextInitialized()
19-Aug-2025 22:06:38.632 INFO [main] org.apache.catalina.core.ApplicationContext.log ContextListener: attributeAdded('StockTicker', 'async.Stockticker@6d1d4d7')
19-Aug-2025 22:06:59.200 INFO [Thread-1] org.apache.catalina.core.ApplicationContext.log SessionListener: contextDestroyed()
19-Aug-2025 22:06:59.200 INFO [Thread-1] org.apache.catalina.core.ApplicationContext.log ContextListener: contextDestroyed()
19-Aug-2025 22:11:17.838 INFO [main] org.apache.catalina.core.ApplicationContext.log ContextListener: contextInitialized()
19-Aug-2025 22:11:17.838 INFO [main] org.apache.catalina.core.ApplicationContext.log SessionListener: contextInitialized()
19-Aug-2025 22:11:17.842 INFO [main] org.apache.catalina.core.ApplicationContext.log ContextListener: attributeAdded('StockTicker', 'async.Stockticker@184497d1')
19-Aug-2025 22:11:18.724 INFO [Thread-1] org.apache.catalina.core.ApplicationContext.log SessionListener: contextDestroyed()
19-Aug-2025 22:11:18.724 INFO [Thread-1] org.apache.catalina.core.ApplicationContext.log ContextListener: contextDestroyed()
19-Aug-2025 22:11:39.474 INFO [main] org.apache.catalina.core.ApplicationContext.log ContextListener: contextInitialized()
19-Aug-2025 22:11:39.474 INFO [main] org.apache.catalina.core.ApplicationContext.log SessionListener: contextInitialized()
19-Aug-2025 22:11:39.477 INFO [main] org.apache.catalina.core.ApplicationContext.log ContextListener: attributeAdded('StockTicker', 'async.Stockticker@6ffab045')
19-Aug-2025 22:12:03.841 INFO [Thread-1] org.apache.catalina.core.ApplicationContext.log SessionListener: contextDestroyed()
19-Aug-2025 22:12:03.841 INFO [Thread-1] org.apache.catalina.core.ApplicationContext.log ContextListener: contextDestroyed()
19-Aug-2025 22:15:26.769 INFO [main] org.apache.catalina.core.ApplicationContext.log ContextListener: contextInitialized()
19-Aug-2025 22:15:26.769 INFO [main] org.apache.catalina.core.ApplicationContext.log SessionListener: contextInitialized()
19-Aug-2025 22:15:26.773 INFO [main] org.apache.catalina.core.ApplicationContext.log ContextListener: attributeAdded('StockTicker', 'async.Stockticker@2c9399a4')
19-Aug-2025 22:17:03.744 INFO [Thread-1] org.apache.catalina.core.ApplicationContext.log SessionListener: contextDestroyed()
19-Aug-2025 22:17:03.744 INFO [Thread-1] org.apache.catalina.core.ApplicationContext.log ContextListener: contextDestroyed()
